<?xml version="1.0" encoding="UTF-8"?>
<!-- Generated by org.testng.reporters.JUnitReportReporter -->
<testsuite hostname="DESKTOP-DKQM26S" failures="0" tests="3" name="test_ng.SuiteUsage" time="3.225" errors="0" timestamp="2023-11-24T17:30:53 IST" skipped="0">
  <testcase classname="test_ng.SuiteUsage" name="google" time="1.429"/>
  <testcase classname="test_ng.SuiteUsage" name="bing" time="0.885"/>
  <testcase classname="test_ng.SuiteUsage" name="yahoo" time="0.911"/>
</testsuite> <!-- test_ng.SuiteUsage -->
