<?xml version="1.0" encoding="UTF-8"?>
<!-- Generated by org.testng.reporters.JUnitReportReporter -->
<testsuite hostname="DESKTOP-DKQM26S" failures="0" tests="1" name="robot_class.KeyboardActions" time="7.687" errors="0" timestamp="2023-12-18T16:10:31 IST" skipped="0">
  <testcase classname="robot_class.KeyboardActions" name="demo" time="7.687"/>
</testsuite> <!-- robot_class.KeyboardActions -->
