<?xml version="1.0" encoding="UTF-8"?>
<!-- Generated by org.testng.reporters.JUnitReportReporter -->
<testsuite hostname="DESKTOP-DKQM26S" failures="0" tests="3" name="testNG.SkippingTestCase" time="0.007" errors="0" timestamp="2023-11-24T20:07:36 IST" skipped="0">
  <testcase classname="testNG.SkippingTestCase" name="school" time="0.004"/>
  <testcase classname="testNG.SkippingTestCase" name="college" time="0.001"/>
  <testcase classname="testNG.SkippingTestCase" name="highSchool" time="0.002"/>
</testsuite> <!-- testNG.SkippingTestCase -->
