<?xml version="1.0" encoding="UTF-8"?>
<!-- Generated by org.testng.reporters.JUnitReportReporter -->
<testsuite hostname="DESKTOP-DKQM26S" failures="0" tests="1" name="seleniumworkspace.chummaO" time="19.889" errors="0" timestamp="2024-01-21T19:38:15 IST" skipped="0">
  <testcase classname="seleniumworkspace.chummaO" name="demo" time="19.889"/>
</testsuite> <!-- seleniumworkspace.chummaO -->
