<?xml version="1.0" encoding="UTF-8"?>
<!-- Generated by org.testng.reporters.JUnitReportReporter -->
<testsuite hostname="DESKTOP-DKQM26S" failures="0" tests="1" name="notificationEX.AuthPopup" time="6.755" errors="0" timestamp="2023-12-10T20:44:37 IST" skipped="0">
  <testcase classname="notificationEX.AuthPopup" name="demo" time="6.755"/>
</testsuite> <!-- notificationEX.AuthPopup -->
