<?xml version="1.0" encoding="UTF-8"?>
<!-- Generated by org.testng.reporters.JUnitReportReporter -->
<testsuite hostname="DESKTOP-DKQM26S" failures="0" tests="1" name="testNG.TestNGDemo" time="4.355" errors="0" timestamp="2023-11-24T20:07:36 IST" skipped="0">
  <testcase classname="testNG.TestNGDemo" name="demo" time="4.355"/>
</testsuite> <!-- testNG.TestNGDemo -->
