<?xml version="1.0" encoding="UTF-8"?>
<!-- Generated by org.testng.reporters.JUnitReportReporter -->
<testsuite hostname="DESKTOP-DKQM26S" failures="0" tests="1" name="notificationEX.PromptPop" time="11.589" errors="0" timestamp="2023-12-11T20:26:47 IST" skipped="0">
  <testcase classname="notificationEX.PromptPop" name="demo" time="11.589"/>
</testsuite> <!-- notificationEX.PromptPop -->
