<?xml version="1.0" encoding="UTF-8"?>
<!-- Generated by org.testng.reporters.JUnitReportReporter -->
<testsuite hostname="DESKTOP-DKQM26S" failures="0" tests="2" name="test_ng.TestNG" time="66.100" errors="0" timestamp="2023-11-24T11:16:49 IST" skipped="0">
  <testcase classname="test_ng.TestNG" name="z" time="28.454"/>
  <testcase classname="test_ng.TestNG" name="demo" time="37.646"/>
</testsuite> <!-- test_ng.TestNG -->
