<?xml version="1.0" encoding="UTF-8"?>
<!-- Generated by org.testng.reporters.JUnitReportReporter -->
<testsuite hostname="DESKTOP-DKQM26S" failures="0" tests="3" name="testNG.SuiteUsage" time="5.055" errors="0" timestamp="2023-11-24T20:07:36 IST" skipped="0">
  <testcase classname="testNG.SuiteUsage" name="google" time="1.357"/>
  <testcase classname="testNG.SuiteUsage" name="bing" time="0.638"/>
  <testcase classname="testNG.SuiteUsage" name="yahoo" time="3.060"/>
</testsuite> <!-- testNG.SuiteUsage -->
