<?xml version="1.0" encoding="UTF-8"?>
<!-- Generated by org.testng.reporters.JUnitReportReporter -->
<testsuite hostname="DESKTOP-DKQM26S" failures="0" tests="1" name="notificationEX.ConfirmPop" time="11.305" errors="0" timestamp="2023-12-10T21:00:40 IST" skipped="0">
  <testcase classname="notificationEX.ConfirmPop" name="demo" time="11.305"/>
</testsuite> <!-- notificationEX.ConfirmPop -->
