<?xml version="1.0" encoding="UTF-8"?>
<!-- Generated by org.testng.reporters.JUnitReportReporter -->
<testsuite hostname="DESKTOP-DKQM26S" failures="0" tests="1" name="select_class.MultiSelect" time="13.377" errors="0" timestamp="2023-12-17T10:00:50 IST" skipped="0">
  <testcase classname="select_class.MultiSelect" name="demo" time="13.377"/>
</testsuite> <!-- select_class.MultiSelect -->
