<?xml version="1.0" encoding="UTF-8"?>
<!-- Generated by org.testng.reporters.JUnitReportReporter -->
<testsuite hostname="DESKTOP-DKQM26S" failures="0" tests="1" name="Excel.ExcelMultiData" time="1.473" errors="0" timestamp="2023-12-11T21:27:46 IST" skipped="0">
  <testcase classname="Excel.ExcelMultiData" name="multiData" time="1.473"/>
</testsuite> <!-- Excel.ExcelMultiData -->
