<?xml version="1.0" encoding="UTF-8"?>
<!-- Generated by org.testng.reporters.JUnitReportReporter -->
<testsuite hostname="DESKTOP-DKQM26S" failures="0" tests="1" name="Excel.ExcelWrite" time="1.572" errors="0" timestamp="2023-12-11T20:13:03 IST" skipped="0">
  <testcase classname="Excel.ExcelWrite" name="writeExcel" time="1.572"/>
</testsuite> <!-- Excel.ExcelWrite -->
