<?xml version="1.0" encoding="UTF-8"?>
<!-- Generated by org.testng.reporters.JUnitReportReporter -->
<testsuite hostname="DESKTOP-DKQM26S" failures="0" tests="1" name="Excel.ExcelRead" time="1.316" errors="0" timestamp="2023-12-11T20:42:06 IST" skipped="0">
  <testcase classname="Excel.ExcelRead" name="read" time="1.316"/>
</testsuite> <!-- Excel.ExcelRead -->
