<?xml version="1.0" encoding="UTF-8"?>
<!-- Generated by org.testng.reporters.JUnitReportReporter -->
<testsuite hostname="DESKTOP-DKQM26S" failures="0" tests="1" name="mock.Test3" time="35.376" errors="0" timestamp="2023-12-14T13:20:35 IST" skipped="0">
  <testcase classname="mock.Test3" name="test3" time="35.376"/>
</testsuite> <!-- mock.Test3 -->
