<?xml version="1.0" encoding="UTF-8"?>
<!-- Generated by org.testng.reporters.JUnitReportReporter -->
<testsuite hostname="DESKTOP-DKQM26S" failures="0" tests="1" name="Test2" time="36.575" errors="0" timestamp="2023-12-14T12:31:34 IST" skipped="0">
  <testcase classname="Test2" name="main" time="36.575"/>
</testsuite> <!-- Test2 -->
