<?xml version="1.0" encoding="UTF-8"?>
<!-- Generated by org.testng.reporters.JUnitReportReporter -->
<testsuite hostname="DESKTOP-DKQM26S" failures="0" tests="2" name="testNG.GroupingExecution" time="0.022" errors="0" timestamp="2023-11-24T20:29:17 IST" skipped="0">
  <testcase classname="testNG.GroupingExecution" name="first" time="0.017"/>
  <testcase classname="testNG.GroupingExecution" name="third" time="0.005"/>
</testsuite> <!-- testNG.GroupingExecution -->
