<?xml version="1.0" encoding="UTF-8"?>
<!-- Generated by org.testng.reporters.JUnitReportReporter -->
<testsuite hostname="DESKTOP-DKQM26S" failures="0" tests="6" name="testNG.PrioritySample" time="0.046" errors="0" timestamp="2023-11-27T12:30:08 IST" skipped="0">
  <testcase classname="testNG.PrioritySample" name="register" time="0.008"/>
  <testcase classname="testNG.PrioritySample" name="register" time="0.016"/>
  <testcase classname="testNG.PrioritySample" name="register" time="0.008"/>
  <testcase classname="testNG.PrioritySample" name="sucesss" time="0.006"/>
  <testcase classname="testNG.PrioritySample" name="login" time="0.005"/>
  <testcase classname="testNG.PrioritySample" name="delete" time="0.003"/>
</testsuite> <!-- testNG.PrioritySample -->
