<?xml version="1.0" encoding="UTF-8"?>
<!-- Generated by org.testng.reporters.JUnitReportReporter -->
<testsuite hostname="DESKTOP-DKQM26S" failures="0" tests="1" name="notificationEX.AlertPop" time="10.959" errors="0" timestamp="2023-12-10T20:55:11 IST" skipped="0">
  <testcase classname="notificationEX.AlertPop" name="demo" time="10.959"/>
</testsuite> <!-- notificationEX.AlertPop -->
