<?xml version="1.0" encoding="UTF-8"?>
<!-- Generated by org.testng.reporters.JUnitReportReporter -->
<testsuite hostname="DESKTOP-DKQM26S" failures="0" tests="1" name="projects_selenium.IRCTC" time="8.987" errors="0" timestamp="2023-12-21T11:26:25 IST" skipped="0">
  <testcase classname="projects_selenium.IRCTC" name="log" time="8.987"/>
</testsuite> <!-- projects_selenium.IRCTC -->
