<?xml version="1.0" encoding="UTF-8"?>
<!-- Generated by org.testng.reporters.JUnitReportReporter -->
<testsuite hostname="DESKTOP-DKQM26S" failures="0" tests="1" name="testNG.ParametersEx" time="0.015" errors="0" timestamp="2023-11-24T20:51:50 IST" skipped="0">
  <testcase classname="testNG.ParametersEx" name="com" time="0.015"/>
</testsuite> <!-- testNG.ParametersEx -->
