<?xml version="1.0" encoding="UTF-8"?>
<!-- Generated by org.testng.reporters.JUnitReportReporter -->
<testsuite hostname="DESKTOP-DKQM26S" failures="0" tests="3" name="test_ng.SkippingTestCase" time="0.020" errors="0" timestamp="2023-11-24T17:05:31 IST" skipped="0">
  <testcase classname="test_ng.SkippingTestCase" name="school" time="0.014"/>
  <testcase classname="test_ng.SkippingTestCase" name="highSchool" time="0.004"/>
  <testcase classname="test_ng.SkippingTestCase" name="college" time="0.002"/>
</testsuite> <!-- test_ng.SkippingTestCase -->
