<?xml version="1.0" encoding="UTF-8"?>
<!-- Generated by org.testng.reporters.JUnitReportReporter -->
<testsuite hostname="DESKTOP-DKQM26S" failures="0" tests="1" name="mock.Test1" time="62.804" errors="0" timestamp="2023-12-13T12:18:41 IST" skipped="0">
  <testcase classname="mock.Test1" name="test" time="62.804"/>
</testsuite> <!-- mock.Test1 -->
